2021-12-29 09:23:32,033 - INFO - schoolone - end with duration 00:00 
2021-12-29 09:23:32,041 - INFO - schooltwo - end with duration 00:00 
2021-12-29 09:23:32,043 - INFO - schoolsex - end with duration 00:00 
2021-12-29 09:23:32,046 - INFO - concat - end with duration 00:00 
2021-12-29 09:23:32,462 - INFO - view data - end with duration 00:00 
2021-12-29 09:23:32,471 - INFO - For-each - end with duration 00:00 
2021-12-29 09:23:32,486 - INFO - all note - end with duration 00:00 
2021-12-29 09:23:32,495 - INFO - join - end with duration 00:00 
2021-12-29 09:23:32,536 - CRITICAL - mail - Critical Error 
2021-12-29 09:23:32,536 - CRITICAL - schoolone - [Errno 2] No such file or directory: 'README.md' 
2021-12-29 09:23:32,538 - CRITICAL - mail - Critical Error 
2021-12-29 09:23:32,538 - CRITICAL - schoolone - [Errno 2] No such file or directory: 'README.md' 
2021-12-29 09:23:32,539 - CRITICAL - schoolone - Traceback (most recent call last):
  File "/root/projects/bambou/nodes/__init__.py", line 167, in _run
    df = self.run(in1)
  File "/root/projects/bambou/nodes/mail/main.py", line 62, in run
    with open(path, 'rb') as fp:
FileNotFoundError: [Errno 2] No such file or directory: 'README.md'
 
2021-12-29 09:23:32,539 - CRITICAL - schoolone - Traceback (most recent call last):
  File "/root/projects/bambou/nodes/__init__.py", line 167, in _run
    df = self.run(in1)
  File "/root/projects/bambou/nodes/mail/main.py", line 62, in run
    with open(path, 'rb') as fp:
FileNotFoundError: [Errno 2] No such file or directory: 'README.md'
 
2021-12-29 09:23:32,588 - CRITICAL - mail - Critical Error 
2021-12-29 09:23:32,588 - CRITICAL - schoolone - [Errno 2] No such file or directory: 'README.md' 
2021-12-29 09:23:32,588 - CRITICAL - schoolone - Traceback (most recent call last):
  File "/root/projects/bambou/nodes/__init__.py", line 167, in _run
    df = self.run(in1)
  File "/root/projects/bambou/nodes/mail/main.py", line 62, in run
    with open(path, 'rb') as fp:
FileNotFoundError: [Errno 2] No such file or directory: 'README.md'
 
2021-12-29 09:23:32,882 - INFO - view data - end with duration 00:00 
2021-12-29 09:23:32,897 - INFO - Transform - end with duration 00:00 
2021-12-29 09:23:32,908 - INFO - groupby - end with duration 00:00 
2021-12-29 09:23:32,914 - INFO - Add delta - end with duration 00:00 
2021-12-29 09:23:33,439 - INFO - view data - end with duration 00:00 
2021-12-29 09:23:33,440 - INFO - view data - end flow 
2021-12-29 09:23:33,816 - INFO - view data - end with duration 00:00 
2021-12-29 09:23:34,127 - INFO - xml sftp - end with duration 00:00 
2021-12-29 09:23:34,136 - INFO - xml - end with duration 00:00 
2021-12-29 09:23:34,144 - INFO - csv sftp - end with duration 00:00 
2021-12-29 09:23:34,151 - INFO - csv - end with duration 00:00 
2021-12-29 09:23:34,151 - INFO - synchro - _run 1 : 3 
2021-12-29 09:23:34,154 - INFO - json sftp - end with duration 00:00 
2021-12-29 09:23:34,157 - INFO - json - end with duration 00:00 
2021-12-29 09:23:34,158 - INFO - synchro - _run 2 : 3 
2021-12-29 09:23:34,302 - INFO - xlsx sftp - end with duration 00:00 
2021-12-29 09:23:34,335 - INFO - xlsx - end with duration 00:00 
2021-12-29 09:23:34,335 - INFO - synchro - _run 3 : 3 
2021-12-29 09:23:34,336 - INFO - synchro - end with duration 00:00 
2021-12-29 09:23:34,340 - INFO - test subflow (version: ) start with env test
2021-12-29 09:23:34,341 - INFO - Log - super tutu 
2021-12-29 09:23:34,341 - INFO - Log - end with duration 00:00 
2021-12-29 09:23:34,341 - INFO - Log - end flow 
2021-12-29 09:23:34,341 - INFO - Subflow - end with duration 00:00 
2021-12-29 09:23:34,342 - INFO - Log - fin 
2021-12-29 09:23:34,342 - INFO - Log - end with duration 00:00 
2021-12-29 09:23:34,344 - CRITICAL - Code - Critical Error 
2021-12-29 09:23:34,345 - ERROR - Error - super erreur 
2021-12-29 09:23:34,345 - INFO - Error - end with duration 00:00 
2021-12-29 09:23:34,738 - INFO - view data - end with duration 00:00 
2021-12-29 09:23:34,738 - INFO - view data - end flow 
